.atmheader
     DFEA   61 74 6F ...
     DFF6   00
     DFF7   00
     DFF8   00
     DFF9   00
     DFFA   00 90
     DFFC   00 90
     DFFE   00 10
.romstart
.commands
     E000   A9 0D      LDA #&0D
     E002   8D 06 02   STA &0206
     E005   A9 E0      LDA #&E0
     E007   8D 07 02   STA &0207
     E00A   4C 69 E7   JMP &E769
.command
     E00D   A2 FF      LDX #&FF
     E00F   D8         CLD
.command_x4
     E010   A0 00      LDY #&00
     E012   20 76 F8   JSR &F876
     E015   88         DEY
.command_x2
     E016   C8         INY
     E017   E8         INX
.command_x5
     E018   BD 45 E0   LDA &E045,X
     E01B   30 18      BMI &E035
     E01D   D9 00 01   CMP &0100,Y
     E020   F0 F4      BEQ &E016
     E022   CA         DEX
.command_x3
     E023   E8         INX
     E024   BD 45 E0   LDA &E045,X
     E027   10 FA      BPL &E023
     E029   E8         INX
     E02A   B9 00 01   LDA &0100,Y
     E02D   C9 2E      CMP #&2E
     E02F   D0 DF      BNE &E010
     E031   C8         INY
     E032   CA         DEX
     E033   B0 E3      BCS &E018
.command_x1
     E035   85 81      STA &81
     E037   BD 46 E0   LDA &E046,X
     E03A   85 80      STA &80
     E03C   20 C2 E3   JSR &E3C2
     E03F   6C 80 00   JMP (&0080)
.command_x6
     E042   4C 26 F9   JMP &F926
.commandtable
     E045   57 47 45 ...
     E049   EA
     E04A   60
     E04B   57 49 46 ...
     E04F   E8
     E050   7B
     E051   56 45 52 ...
     E058   E7
     E059   40
     E05A   4C 41 50 ...
     E060   E8
     E061   48
     E062   4C 41 50 
     E065   E8
     E066   43
     E067   49 46 43 ...
     E06C   E8
     E06D   76
     E06E   44 41 54 ...
     E072   E8
     E073   1C
     E074   54 49 4D ...
     E078   E7
     E079   FF
     E07A   4A 4F 49 ...
     E07E   E9
     E07F   49
     E080   4C 45 41 ...
     E085   E9
     E086   E0
     E087   50 49 4E ...
     E08B   EE
     E08C   D7
     E08D   4D 4F 44 ...
     E091   E9
     E092   E5
     E093   44 49 53 ...
     E09D   EC
     E09E   E2
     E09F   E0
     E0A0   42
.print_string
     E0A1   20 38 E6   JSR &E638
     E0A4   F0 07      BEQ &E0AD
     E0A6   20 F4 FF   JSR &FFF4
     E0A9   C9 0D      CMP #&0D
     E0AB   D0 F4      BNE &E0A1
.print_string_end
     E0AD   20 ED FF   JSR &FFED
.string2hex
     E0B0   98         TYA
     E0B1   48         PHA
     E0B2   A9 00      LDA #&00
     E0B4   95 00      STA &00,X
     E0B6   95 01      STA &01,X
     E0B8   95 02      STA &02,X
     E0BA   A8         TAY
.string2hex_l1
     E0BB   B9 80 28   LDA &2880,Y
     E0BE   C9 0D      CMP #&0D
     E0C0   F0 1A      BEQ &E0DC
     E0C2   20 E1 E0   JSR &E0E1
     E0C5   B0 15      BCS &E0DC
     E0C7   0A         ASL A
     E0C8   0A         ASL A
     E0C9   0A         ASL A
     E0CA   0A         ASL A
     E0CB   94 02      STY &02,X
     E0CD   A0 04      LDY #&04
.string2hex_l2
     E0CF   0A         ASL A
     E0D0   36 00      ROL &00,X
     E0D2   36 01      ROL &01,X
     E0D4   88         DEY
     E0D5   D0 F8      BNE &E0CF
     E0D7   B4 02      LDY &02,X
     E0D9   C8         INY
     E0DA   D0 DF      BNE &E0BB
.string2hex_end
     E0DC   68         PLA
     E0DD   A8         TAY
     E0DE   B5 02      LDA &02,X
     E0E0   60         RTS
.digit2hex
     E0E1   C9 30      CMP #&30
     E0E3   90 0F      BCC &E0F4
     E0E5   C9 3A      CMP #&3A
     E0E7   90 08      BCC &E0F1
     E0E9   E9 07      SBC #&07
     E0EB   90 07      BCC &E0F4
     E0ED   C9 40      CMP #&40
     E0EF   B0 03      BCS &E0F4
.digit2hex_conv
     E0F1   29 0F      AND #&0F
     E0F3   60         RTS
.digit2hex_inv
     E0F4   38         SEC
     E0F5   60         RTS
.call_claimed
     E0F6   60         RTS
.fnd
     E0F7   A0 00      LDY #&00
.fnd1
     E0F9   20 38 E6   JSR &E638
     E0FC   F0 0B      BEQ &E109
     E0FE   D1 8C      CMP (&8C),Y
     E100   D0 F5      BNE &E0F7
     E102   C8         INY
     E103   C4 8B      CPY &8B
     E105   D0 F2      BNE &E0F9
     E107   38         SEC
     E108   60         RTS
.fnd_not_found
     E109   18         CLC
     E10A   60         RTS
.test_ok
     E10B   48         PHA
     E10C   BD 00 BC   LDA &BC00,X
     E10F   C9 4F      CMP #&4F
     E111   D0 05      BNE &E118
     E113   BD 01 BC   LDA &BC01,X
     E116   C9 4B      CMP #&4B
.test1
     E118   68         PLA
     E119   60         RTS
.test_error
     E11A   48         PHA
     E11B   20 38 E6   JSR &E638
     E11E   C9 45      CMP #&45
     E120   D0 F6      BNE &E118
     E122   20 38 E6   JSR &E638
     E125   C9 52      CMP #&52
     E127   D0 EF      BNE &E118
     E129   20 38 E6   JSR &E638
     E12C   C9 52      CMP #&52
     E12E   68         PLA
     E12F   60         RTS
.search0a
     E130   20 38 E6   JSR &E638
     E133   F0 06      BEQ &E13B
     E135   C9 0A      CMP #&0A
     E137   D0 F7      BNE &E130
     E139   C9 0D      CMP #&0D
.search0a_l1
     E13B   60         RTS
.read_cli_param
     E13C   A2 00      LDX #&00
.read_param_loop
     E13E   B9 00 01   LDA &0100,Y
     E141   C9 0D      CMP #&0D
     E143   F0 11      BEQ &E156
     E145   C9 22      CMP #&22
     E147   F0 13      BEQ &E15C
     E149   C9 20      CMP #&20
     E14B   F0 09      BEQ &E156
     E14D   9D 80 28   STA &2880,X
     E150   C8         INY
     E151   E8         INX
     E152   E0 FF      CPX #&FF
     E154   D0 E8      BNE &E13E
.read_param_end
     E156   A9 0D      LDA #&0D
     E158   9D 80 28   STA &2880,X
     E15B   60         RTS
.read_param_quoted
     E15C   C8         INY
     E15D   B9 00 01   LDA &0100,Y
     E160   C9 0D      CMP #&0D
     E162   F0 14      BEQ &E178
     E164   9D 80 28   STA &2880,X
     E167   E8         INX
     E168   C9 22      CMP #&22
     E16A   D0 F0      BNE &E15C
     E16C   CA         DEX
     E16D   C8         INY
     E16E   B9 00 01   LDA &0100,Y
     E171   C9 22      CMP #&22
     E173   D0 E1      BNE &E156
     E175   E8         INX
     E176   B0 E4      BCS &E15C
.read_param_error
     E178   A2 8F      LDX #&8F
     E17A   4C CD E1   JMP &E1CD
.copy_to_heap
     E17D   84 83      STY &83
     E17F   A0 00      LDY #&00
.cth1
     E181   B9 80 28   LDA &2880,Y
     E184   C8         INY
     E185   9D 08 28   STA &2808,X
     E188   E8         INX
     E189   C9 0D      CMP #&0D
     E18B   D0 F4      BNE &E181
     E18D   A4 83      LDY &83
     E18F   60         RTS
.test_paged_ram
     E190   A9 AA      LDA #&AA
     E192   8D 00 BC   STA &BC00
     E195   CD 00 BC   CMP &BC00
.ram_error
     E198   60         RTS
.save_registers
     E199   85 82      STA &82
     E19B   86 84      STX &84
     E19D   84 83      STY &83
     E19F   60         RTS
.restore_registers
     E1A0   A5 82      LDA &82
     E1A2   A6 84      LDX &84
     E1A4   A4 83      LDY &83
     E1A6   60         RTS
.div16
     E1A7   A9 00      LDA #&00
     E1A9   85 82      STA &82
     E1AB   85 83      STA &83
     E1AD   A2 10      LDX #&10
.div16loop
     E1AF   06 80      ASL &80
     E1B1   26 81      ROL &81
     E1B3   26 82      ROL &82
     E1B5   26 83      ROL &83
     E1B7   A5 82      LDA &82
     E1B9   38         SEC
     E1BA   E5 86      SBC &86
     E1BC   A8         TAY
     E1BD   A5 83      LDA &83
     E1BF   E5 87      SBC &87
     E1C1   90 06      BCC &E1C9
     E1C3   85 83      STA &83
     E1C5   84 82      STY &82
     E1C7   E6 80      INC &80
.div16skip
     E1C9   CA         DEX
     E1CA   D0 E3      BNE &E1AF
     E1CC   60         RTS
.error
     E1CD   BD D9 E1   LDA &E1D9,X
     E1D0   20 F4 FF   JSR &FFF4
     E1D3   E8         INX
     E1D4   C9 0D      CMP #&0D
     E1D6   D0 F5      BNE &E1CD
     E1D8   00         BRK
.error_table
.error_device_not_found
     E1D9   44 45 56 ...
     E1E0   0D
.error_no_response
     E1E1   4E 4F 20 ...
     E1EC   0D
.error_buffer_full
     E1ED   42 55 46 ...
     E1F8   0D
.error_buffer_empty
     E1F9   42 55 46 ...
     E205   0D
.error_no_date_time
.error_no_version
     E206   4E 4F 20 ...
     E211   0D
.error_not_implemented
     E212   4E 4F 54 ...
     E221   0D
.error_bad_option
     E222   4F 50 54 ...
     E229   0D
.error_bad_protocol
     E22A   50 52 4F ...
     E233   0D
.error_http_status
     E234   48 54 54 ...
     E23E   0D
.error_no_pagedram
     E23F   4E 4F 20 ...
     E24B   0D
.error_disabled
     E24C   57 49 46 ...
     E259   0D
.error_opencon
     E25A   43 4F 4E ...
     E267   0D
.error_bad_param
     E268   50 41 52 ...
     E272   0D
.init_uart
     E273   08         PHP
     E274   AD 33 BD   LDA &BD33
     E277   09 80      ORA #&80
     E279   8D 33 BD   STA &BD33
     E27C   A9 01      LDA #&01
     E27E   8D 30 BD   STA &BD30
     E281   A9 00      LDA #&00
     E283   8D 31 BD   STA &BD31
     E286   8D 32 BD   STA &BD32
     E289   A9 03      LDA #&03
     E28B   8D 33 BD   STA &BD33
     E28E   68         PLA
     E28F   A9 01      LDA #&01
     E291   8D 32 BD   STA &BD32
     E294   AD 34 BD   LDA &BD34
     E297   29 F7      AND #&F7
     E299   8D 34 BD   STA &BD34
     E29C   60         RTS
.send_byte
     E29D   48         PHA
.sb1
     E29E   AD 35 BD   LDA &BD35
     E2A1   29 20      AND #&20
     E2A3   F0 F9      BEQ &E29E
     E2A5   68         PLA
     E2A6   8D 30 BD   STA &BD30
     E2A9   60         RTS
.read_byte
     E2AA   A9 00      LDA #&00
     E2AC   8D 04 28   STA &2804
.read_byte_loop
     E2AF   AD 35 BD   LDA &BD35
     E2B2   29 01      AND #&01
     E2B4   D0 07      BNE &E2BD
     E2B6   CE 04 28   DEC &2804
     E2B9   D0 F4      BNE &E2AF
     E2BB   18         CLC
     E2BC   60         RTS
.read_byte_data
     E2BD   38         SEC
     E2BE   AD 30 BD   LDA &BD30
     E2C1   60         RTS
.uart_wifi_off
     E2C2   AD 34 BD   LDA &BD34
     E2C5   09 01      ORA #&01
     E2C7   8D 34 BD   STA &BD34
     E2CA   8D 35 BD   STA &BD35
     E2CD   60         RTS
.uart_wifi_on
     E2CE   AD 34 BD   LDA &BD34
     E2D1   29 7E      AND #&7E
     E2D3   8D 34 BD   STA &BD34
     E2D6   8D 36 BD   STA &BD36
     E2D9   60         RTS
.uart_hw_reset
     E2DA   AD 34 BD   LDA &BD34
     E2DD   09 02      ORA #&02
     E2DF   8D 34 BD   STA &BD34
     E2E2   20 66 FE   JSR &FE66
     E2E5   20 66 FE   JSR &FE66
     E2E8   AD 34 BD   LDA &BD34
     E2EB   29 7D      AND #&7D
     E2ED   8D 34 BD   STA &BD34
     E2F0   60         RTS
.uart_read_response
     E2F1   78         SEI
     E2F2   A2 00      LDX #&00
     E2F4   8E FF BD   STX &BDFF
     E2F7   AC 04 28   LDY &2804
     E2FA   8C 00 28   STY &2800
     E2FD   8C 01 28   STY &2801
     E300   8C 02 28   STY &2802
.uart_wait_for_data
     E303   AD 35 BD   LDA &BD35
     E306   29 01      AND #&01
     E308   D0 11      BNE &E31B
     E30A   CE 00 28   DEC &2800
     E30D   D0 F4      BNE &E303
     E30F   CE 01 28   DEC &2801
     E312   D0 EF      BNE &E303
     E314   CE 02 28   DEC &2802
     E317   D0 EA      BNE &E303
     E319   F0 1F      BEQ &E33A
.uart_read_start
     E31B   A0 00      LDY #&00
     E31D   AD 30 BD   LDA &BD30
     E320   9D 00 BC   STA &BC00,X
     E323   E8         INX
     E324   D0 08      BNE &E32E
     E326   EE FF BD   INC &BDFF
     E329   D0 03      BNE &E32E
     E32B   4C 26 E6   JMP &E626
.uart_read_l1
     E32E   88         DEY
     E32F   F0 09      BEQ &E33A
     E331   AD 35 BD   LDA &BD35
     E334   29 01      AND #&01
     E336   D0 E3      BNE &E31B
     E338   F0 F4      BEQ &E32E
.uart_read_end
     E33A   58         CLI
     E33B   60         RTS
.uart_get_response
     E33C   A2 00      LDX #&00
     E33E   8E FF BD   STX &BDFF
.uart_get_resp_l1
     E341   AC 04 28   LDY &2804
     E344   8C 00 28   STY &2800
     E347   8C 01 28   STY &2801
     E34A   8C 02 28   STY &2802
.uart_gr_wait
     E34D   AD 35 BD   LDA &BD35
     E350   29 01      AND #&01
     E352   D0 11      BNE &E365
     E354   CE 00 28   DEC &2800
     E357   D0 F4      BNE &E34D
     E359   CE 01 28   DEC &2801
     E35C   D0 EF      BNE &E34D
     E35E   CE 02 28   DEC &2802
     E361   D0 EA      BNE &E34D
     E363   F0 D5      BEQ &E33A
.uart_gr_read_data
     E365   AD 30 BD   LDA &BD30
     E368   C9 2B      CMP #&2B
     E36A   F0 11      BEQ &E37D
     E36C   9D 00 BC   STA &BC00,X
     E36F   E8         INX
     E370   D0 CF      BNE &E341
     E372   EE FF BD   INC &BDFF
     E375   D0 CA      BNE &E341
     E377   4C 26 E6   JMP &E626
.uart_gr_read_start
     E37A   AD 30 BD   LDA &BD30
.uart_gr_read_l1
     E37D   A0 00      LDY #&00
     E37F   9D 00 BC   STA &BC00,X
     E382   E8         INX
     E383   D0 0B      BNE &E390
     E385   EE FF BD   INC &BDFF
     E388   D0 06      BNE &E390
     E38A   4C 26 E6   JMP &E626
.uart_gr_read_l2
     E38D   88         DEY
     E38E   F0 AA      BEQ &E33A
.uart_gr_read_l3
     E390   AD 35 BD   LDA &BD35
     E393   29 01      AND #&01
     E395   D0 E3      BNE &E37A
     E397   F0 F4      BEQ &E38D
.save_bank_nr
     E399   48         PHA
     E39A   AD 34 BD   LDA &BD34
     E39D   85 82      STA &82
     E39F   68         PLA
     E3A0   60         RTS
.restore_bank_nr
     E3A1   48         PHA
     E3A2   A5 82      LDA &82
     E3A4   8D 34 BD   STA &BD34
     E3A7   68         PLA
     E3A8   60         RTS
.set_bank_nr
     E3A9   48         PHA
     E3AA   48         PHA
     E3AB   AD 34 BD   LDA &BD34
     E3AE   29 F7      AND #&F7
     E3B0   8D 34 BD   STA &BD34
     E3B3   68         PLA
     E3B4   29 01      AND #&01
     E3B6   18         CLC
     E3B7   0A         ASL A
     E3B8   0A         ASL A
     E3B9   0A         ASL A
     E3BA   0D 34 BD   ORA &BD34
     E3BD   8D 34 BD   STA &BD34
     E3C0   68         PLA
     E3C1   60         RTS
.set_bank_0
     E3C2   AD 34 BD   LDA &BD34
     E3C5   29 F7      AND #&F7
     E3C7   8D 34 BD   STA &BD34
     E3CA   60         RTS
.set_bank_1
     E3CB   AD 34 BD   LDA &BD34
     E3CE   09 08      ORA #&08
     E3D0   8D 34 BD   STA &BD34
     E3D3   60         RTS
.set_bank_a
     E3D4   8D 34 BD   STA &BD34
     E3D7   60         RTS
.test_wifi_ena
     E3D8   AD 34 BD   LDA &BD34
     E3DB   29 01      AND #&01
     E3DD   60         RTS
.wifidriver
     E3DE   85 82      STA &82
     E3E0   86 84      STX &84
     E3E2   84 83      STY &83
     E3E4   C9 18      CMP #&18
     E3E6   F0 0D      BEQ &E3F5
     E3E8   20 D8 E3   JSR &E3D8
     E3EB   F0 08      BEQ &E3F5
     E3ED   20 C2 E2   JSR &E2C2
     E3F0   A2 73      LDX #&73
     E3F2   4C CD E1   JMP &E1CD
.wifi_init_uart
     E3F5   20 73 E2   JSR &E273
     E3F8   A9 04      LDA #&04
     E3FA   8D 04 28   STA &2804
     E3FD   20 6A E4   JSR &E46A
     E400   41 54 45 ...
     E404   0D
     E405   20 91 E4   JSR &E491
     E408   20 90 E1   JSR &E190
     E40B   F0 05      BEQ &E412
     E40D   A2 66      LDX #&66
     E40F   4C CD E1   JMP &E1CD
.ram_ok
     E412   20 31 E6   JSR &E631
     E415   A5 82      LDA &82
     E417   29 1F      AND #&1F
     E419   0A         ASL A
     E41A   AA         TAX
     E41B   BD 28 E4   LDA &E428,X
     E41E   85 80      STA &80
     E420   BD 29 E4   LDA &E429,X
     E423   85 81      STA &81
     E425   6C 80 00   JMP (&0080)
.entry_table
     E428   97 E4
     E42A   A4 E4
     E42C   AA E4
     E42E   B7 E4
     E430   E6 E4
     E432   1B E5
     E434   2A E5
     E436   39 E5
     E438   65 E5
     E43A   21 E6
     E43C   9D E5
     E43E   02 E7
     E440   9D E5
     E442   B0 E5
     E444   00 E6
     E446   21 E6
     E448   21 E6
     E44A   21 E6
     E44C   2A E5
     E44E   21 E6
     E450   15 E6
     E452   21 E6
     E454   21 E6
     E456   21 E6
     E458   21 E6
     E45A   CB E4
     E45C   24 E7
     E45E   53 E5
     E460   24 E7
     E462   21 E6
     E464   21 E6
     E466   21 E6
     E468   21 E6
.send_command
     E46A   68         PLA
     E46B   85 80      STA &80
     E46D   68         PLA
     E46E   85 81      STA &81
.sc0
     E470   A0 00      LDY #&00
     E472   E6 80      INC &80
     E474   D0 02      BNE &E478
     E476   E6 81      INC &81
.sc1
     E478   B1 80      LDA (&80),Y
     E47A   F0 0C      BEQ &E488
     E47C   20 9D E2   JSR &E29D
     E47F   C9 0D      CMP #&0D
     E481   D0 ED      BNE &E470
.sc2
     E483   A9 0A      LDA #&0A
     E485   20 9D E2   JSR &E29D
.sc3
     E488   E6 80      INC &80
     E48A   D0 02      BNE &E48E
     E48C   E6 81      INC &81
.sc4
     E48E   6C 80 00   JMP (&0080)
.read_response
     E491   20 F1 E2   JSR &E2F1
     E494   4C 02 E7   JMP &E702
.init
     E497   20 6A E4   JSR &E46A
     E49A   41 54 2B ...
     E4A0   0D
     E4A1   4C 91 E4   JMP &E491
.reset
     E4A4   20 DA E2   JSR &E2DA
     E4A7   4C 91 E4   JMP &E491
.gmr
     E4AA   20 6A E4   JSR &E46A
     E4AD   41 54 2B ...
     E4B3   0D
     E4B4   4C 91 E4   JMP &E491
.cwlap
     E4B7   A9 08      LDA #&08
     E4B9   8D 04 28   STA &2804
     E4BC   20 6A E4   JSR &E46A
     E4BF   41 54 2B ...
     E4C7   0D
     E4C8   4C 91 E4   JMP &E491
.cwlapopt
     E4CB   20 6A E4   JSR &E46A
     E4CE   41 54 2B ...
     E4DC   00
     E4DD   20 62 E6   JSR &E662
     E4E0   20 4B E6   JSR &E64B
     E4E3   4C 91 E4   JMP &E491
.cwjap
     E4E6   A9 08      LDA #&08
     E4E8   8D 04 28   STA &2804
     E4EB   20 6A E4   JSR &E46A
     E4EE   41 54 2B ...
     E4F6   00
     E4F7   A0 00      LDY #&00
     E4F9   B1 83      LDA (&83),Y
     E4FB   F0 13      BEQ &E510
     E4FD   A9 3D      LDA #&3D
     E4FF   20 9D E2   JSR &E29D
     E502   20 55 E6   JSR &E655
     E505   A9 2C      LDA #&2C
     E507   20 9D E2   JSR &E29D
     E50A   20 55 E6   JSR &E655
     E50D   4C 15 E5   JMP &E515
.cwjap_query
     E510   A9 3F      LDA #&3F
     E512   20 9D E2   JSR &E29D
.cwjap_query_l1
     E515   20 4B E6   JSR &E64B
     E518   4C 91 E4   JMP &E491
.cwqap
     E51B   20 6A E4   JSR &E46A
     E51E   41 54 2B ...
     E526   0D
     E527   4C 91 E4   JMP &E491
.cwsap
.cifsr
     E52A   20 6A E4   JSR &E46A
     E52D   41 54 2B ...
     E535   0D
     E536   4C 91 E4   JMP &E491
.cwmode
     E539   20 6A E4   JSR &E46A
     E53C   41 54 2B ...
     E545   00
     E546   A0 00      LDY #&00
.cwmode_lbl1
     E548   B1 83      LDA (&83),Y
     E54A   F0 C4      BEQ &E510
     E54C   A9 3D      LDA #&3D
     E54E   20 9D E2   JSR &E29D
     E551   D0 41      BNE &E594
.cipmode
     E553   20 6A E4   JSR &E46A
     E556   41 54 2B ...
     E560   00
     E561   A0 00      LDY #&00
     E563   F0 E3      BEQ &E548
.cipstart
     E565   A9 10      LDA #&10
     E567   8D 04 28   STA &2804
     E56A   20 6A E4   JSR &E46A
     E56D   41 54 2B ...
     E578   00
     E579   A0 00      LDY #&00
     E57B   B1 83      LDA (&83),Y
     E57D   F0 91      BEQ &E510
     E57F   A9 3D      LDA #&3D
     E581   20 9D E2   JSR &E29D
     E584   20 55 E6   JSR &E655
     E587   A9 2C      LDA #&2C
     E589   20 9D E2   JSR &E29D
     E58C   20 55 E6   JSR &E655
     E58F   A9 2C      LDA #&2C
     E591   20 9D E2   JSR &E29D
.last_param
     E594   20 62 E6   JSR &E662
     E597   20 4B E6   JSR &E64B
     E59A   4C 91 E4   JMP &E491
.cwlif
.cipstatus
     E59D   20 6A E4   JSR &E46A
     E5A0   41 54 2B ...
     E5AC   0D
     E5AD   4C 91 E4   JMP &E491
.cipsend
     E5B0   78         SEI
     E5B1   A6 84      LDX &84
     E5B3   B5 00      LDA &00,X
     E5B5   85 8B      STA &8B
     E5B7   B5 01      LDA &01,X
     E5B9   85 8C      STA &8C
     E5BB   B5 02      LDA &02,X
     E5BD   85 86      STA &86
     E5BF   B5 03      LDA &03,X
     E5C1   85 87      STA &87
     E5C3   B5 04      LDA &04,X
     E5C5   85 88      STA &88
     E5C7   20 6A E4   JSR &E46A
     E5CA   41 54 2B ...
     E5D5   00
     E5D6   20 8A E6   JSR &E68A
     E5D9   A9 0D      LDA #&0D
     E5DB   20 9D E2   JSR &E29D
     E5DE   A9 0A      LDA #&0A
     E5E0   20 9D E2   JSR &E29D
     E5E3   20 66 FE   JSR &FE66
.send_mem_buffer
     E5E6   A0 00      LDY #&00
.smb1
     E5E8   B1 8B      LDA (&8B),Y
     E5EA   20 9D E2   JSR &E29D
     E5ED   E6 8B      INC &8B
     E5EF   D0 02      BNE &E5F3
     E5F1   E6 8C      INC &8C
.smb2
     E5F3   20 72 E6   JSR &E672
     E5F6   D0 F0      BNE &E5E8
     E5F8   A9 04      LDA #&04
     E5FA   8D 04 28   STA &2804
     E5FD   4C 3C E3   JMP &E33C
.cipclose
     E600   20 6A E4   JSR &E46A
     E603   41 54 2B ...
     E60E   00
     E60F   20 4B E6   JSR &E64B
     E612   4C 91 E4   JMP &E491
.ipd
     E615   20 6A E4   JSR &E46A
     E618   69 70 64 ...
     E61C   0D
     E61D   0A
     E61E   4C 91 E4   JMP &E491
.reserved
.not_implemented
     E621   A2 39      LDX #&39
     E623   4C CD E1   JMP &E1CD
.buffer_full
     E626   A2 14      LDX #&14
     E628   4C CD E1   JMP &E1CD
.reset_buffer
     E62B   A2 00      LDX #&00
     E62D   8E FF BD   STX &BDFF
     E630   60         RTS
.clear_buffer
     E631   20 2B E6   JSR &E62B
     E634   8E 00 BC   STX &BC00
     E637   60         RTS
.read_buffer
     E638   BD 00 BC   LDA &BC00,X
     E63B   08         PHP
.read_buffer_inc
     E63C   E8         INX
     E63D   D0 03      BNE &E642
     E63F   20 0C E7   JSR &E70C
.read_buffer_end
     E642   28         PLP
     E643   60         RTS
.write_buffer
     E644   08         PHP
     E645   9D 00 BC   STA &BC00,X
     E648   4C 3C E6   JMP &E63C
.send_crlf
     E64B   A9 0D      LDA #&0D
     E64D   20 9D E2   JSR &E29D
     E650   A9 0A      LDA #&0A
     E652   4C 9D E2   JMP &E29D
.send_param_quoted
     E655   A9 22      LDA #&22
     E657   20 9D E2   JSR &E29D
     E65A   20 62 E6   JSR &E662
     E65D   A9 22      LDA #&22
     E65F   4C 9D E2   JMP &E29D
.send_param
     E662   B1 83      LDA (&83),Y
     E664   F0 0A      BEQ &E670
     E666   C9 0D      CMP #&0D
     E668   F0 06      BEQ &E670
     E66A   20 9D E2   JSR &E29D
     E66D   C8         INY
     E66E   D0 F2      BNE &E662
.end_param
     E670   C8         INY
     E671   60         RTS
.dec_data_counter
     E672   38         SEC
     E673   A5 86      LDA &86
     E675   E9 01      SBC #&01
     E677   85 86      STA &86
     E679   A5 87      LDA &87
     E67B   E9 00      SBC #&00
     E67D   85 87      STA &87
     E67F   A5 88      LDA &88
     E681   E9 00      SBC #&00
     E683   85 88      STA &88
     E685   05 87      ORA &87
     E687   05 86      ORA &86
     E689   60         RTS
.prdec24
     E68A   A5 86      LDA &86
     E68C   48         PHA
     E68D   A5 87      LDA &87
     E68F   48         PHA
     E690   A5 88      LDA &88
     E692   48         PHA
     E693   A0 15      LDY #&15
     E695   A9 00      LDA #&00
     E697   85 85      STA &85
.prdec24lp1
     E699   A2 FF      LDX #&FF
     E69B   38         SEC
.prdec24lp2
     E69C   A5 86      LDA &86
     E69E   F9 EA E6   SBC &E6EA,Y
     E6A1   85 86      STA &86
     E6A3   A5 87      LDA &87
     E6A5   F9 EB E6   SBC &E6EB,Y
     E6A8   85 87      STA &87
     E6AA   A5 88      LDA &88
     E6AC   F9 EC E6   SBC &E6EC,Y
     E6AF   85 88      STA &88
     E6B1   E8         INX
     E6B2   B0 E8      BCS &E69C
     E6B4   A5 86      LDA &86
     E6B6   79 EA E6   ADC &E6EA,Y
     E6B9   85 86      STA &86
     E6BB   A5 87      LDA &87
     E6BD   79 EB E6   ADC &E6EB,Y
     E6C0   85 87      STA &87
     E6C2   A5 88      LDA &88
     E6C4   79 EC E6   ADC &E6EC,Y
     E6C7   85 88      STA &88
     E6C9   8A         TXA
     E6CA   D0 06      BNE &E6D2
     E6CC   A5 85      LDA &85
     E6CE   D0 08      BNE &E6D8
     E6D0   F0 09      BEQ &E6DB
.prdec24digit
     E6D2   A2 30      LDX #&30
     E6D4   86 85      STX &85
     E6D6   09 30      ORA #&30
.prdec24print
     E6D8   20 9D E2   JSR &E29D
.prdec24next
     E6DB   88         DEY
     E6DC   88         DEY
     E6DD   88         DEY
     E6DE   10 B9      BPL &E699
     E6E0   68         PLA
     E6E1   85 88      STA &88
     E6E3   68         PLA
     E6E4   85 87      STA &87
     E6E6   68         PLA
     E6E7   85 86      STA &86
     E6E9   60         RTS
.prdec24tens
     E6EA   01 00
     E6EC   00
     E6ED   0A 00
     E6EF   00
     E6F0   64 00
     E6F2   00
     E6F3   E8 03
     E6F5   00
     E6F6   10 27
     E6F8   00
     E6F9   A1 86
     E6FB   01
     E6FC   4F 42
     E6FE   0F
     E6FF   18 97
     E701   98
.restore_env
.set_buffer
     E702   86 8D      STX &8D
     E704   AE FF BD   LDX &BDFF
     E707   86 8E      STX &8E
     E709   A6 8D      LDX &8D
     E70B   60         RTS
.inc_page_reg
     E70C   AE FF BD   LDX &BDFF
     E70F   E8         INX
     E710   F0 07      BEQ &E719
     E712   8E FF BD   STX &BDFF
     E715   A2 00      LDX #&00
     E717   E0 01      CPX #&01
.buffer_end
     E719   60         RTS
.disable_enable
     E71A   A6 84      LDX &84
     E71C   F0 03      BEQ &E721
     E71E   4C CE E2   JMP &E2CE
.disable_enable_l1
     E721   4C C2 E2   JMP &E2C2
.sslbufsize
.do_flash
.ping
     E724   A9 08      LDA #&08
     E726   8D 04 28   STA &2804
     E729   20 6A E4   JSR &E46A
     E72C   41 54 2B ...
     E734   00
     E735   A0 00      LDY #&00
     E737   20 55 E6   JSR &E655
     E73A   20 4B E6   JSR &E64B
     E73D   4C 91 E4   JMP &E491
.version_cmd
     E740   20 69 E7   JSR &E769
     E743   A9 02      LDA #&02
.generic_cmd
     E745   20 DE E3   JSR &E3DE
     E748   20 2B E6   JSR &E62B
     E74B   AD 00 BC   LDA &BC00
     E74E   F0 14      BEQ &E764
.version_l3
     E750   20 38 E6   JSR &E638
     E753   20 F4 FF   JSR &FFF4
     E756   A5 8E      LDA &8E
     E758   CD FF BD   CMP &BDFF
     E75B   D0 F3      BNE &E750
     E75D   E4 8D      CPX &8D
     E75F   D0 EF      BNE &E750
.version_end
     E761   4C F6 E0   JMP &E0F6
.no_device
     E764   A2 08      LDX #&08
     E766   4C CD E1   JMP &E1CD
.print_version_string
     E769   A2 00      LDX #&00
.version_l1
     E76B   BD F0 EF   LDA &EFF0,X
     E76E   30 06      BMI &E776
     E770   20 F4 FF   JSR &FFF4
     E773   E8         INX
     E774   D0 F5      BNE &E76B
.version_l2
     E776   4C ED FF   JMP &FFED
.timestr
     E779   54 49 4D ...
.datestr
     E77E   44 41 54 ...
.date_time_host
     E783   54 43 50 
     E786   0D
     E787   77 77 77 ...
     E79B   0D
     E79C   38 30 
     E79E   0D
     E79F   00
.date_time_httpget
     E7A0   47 45 54 ...
     E7BB   0D
     E7BC   0A
     E7BD   48 4F 53 ...
     E7D7   0D
     E7D8   0A
     E7D9   0D
     E7DA   0A
.date_time
     E7DB   A9 08      LDA #&08
     E7DD   A2 E7      LDX #&E7
     E7DF   A0 83      LDY #&83
     E7E1   20 DE E3   JSR &E3DE
     E7E4   A9 A0      LDA #&A0
     E7E6   85 86      STA &86
     E7E8   A9 E7      LDA #&E7
     E7EA   85 87      STA &87
     E7EC   A9 3B      LDA #&3B
     E7EE   85 88      STA &88
     E7F0   A9 00      LDA #&00
     E7F2   85 89      STA &89
     E7F4   A9 00      LDA #&00
     E7F6   85 8A      STA &8A
     E7F8   A2 86      LDX #&86
     E7FA   A9 0D      LDA #&0D
     E7FC   4C DE E3   JMP &E3DE
.time_cmd
     E7FF   20 DB E7   JSR &E7DB
     E802   20 2B E6   JSR &E62B
     E805   A9 79      LDA #&79
     E807   85 8C      STA &8C
     E809   A9 E7      LDA #&E7
     E80B   85 8D      STA &8D
.time_find
     E80D   A9 05      LDA #&05
     E80F   85 8B      STA &8B
     E811   20 F7 E0   JSR &E0F7
     E814   90 28      BCC &E83E
     E816   20 A1 E0   JSR &E0A1
     E819   4C F6 E0   JMP &E0F6
.date_cmd
     E81C   20 DB E7   JSR &E7DB
     E81F   20 2B E6   JSR &E62B
     E822   A9 7E      LDA #&7E
     E824   85 8C      STA &8C
     E826   A9 E7      LDA #&E7
     E828   85 8D      STA &8D
     E82A   A9 05      LDA #&05
     E82C   85 8B      STA &8B
     E82E   20 F7 E0   JSR &E0F7
     E831   90 0B      BCC &E83E
     E833   A9 20      LDA #&20
     E835   20 02 F8   JSR &F802
     E838   20 A1 E0   JSR &E0A1
     E83B   4C F6 E0   JMP &E0F6
.date_time_error
     E83E   A2 2D      LDX #&2D
     E840   4C CD E1   JMP &E1CD
.lap_cmd
     E843   A9 03      LDA #&03
     E845   4C 45 E7   JMP &E745
.lapopt_cmd
     E848   20 76 F8   JSR &F876
     E84B   20 3C E1   JSR &E13C
     E84E   E0 00      CPX #&00
     E850   D0 16      BNE &E868
     E852   A9 31      LDA #&31
     E854   8D 08 28   STA &2808
     E857   A9 32      LDA #&32
     E859   8D 09 28   STA &2809
     E85C   A9 37      LDA #&37
     E85E   8D 0A 28   STA &280A
     E861   A9 0D      LDA #&0D
     E863   8D 0B 28   STA &280B
     E866   D0 05      BNE &E86D
.lapopt_param
     E868   A2 00      LDX #&00
     E86A   20 7D E1   JSR &E17D
.do_lapopt
     E86D   A2 28      LDX #&28
     E86F   A0 08      LDY #&08
     E871   A9 19      LDA #&19
     E873   4C 45 E7   JMP &E745
.ifcfg_cmd
     E876   A9 12      LDA #&12
     E878   4C 45 E7   JMP &E745
.wifi_cmd
     E87B   B9 00 01   LDA &0100,Y
     E87E   C9 0D      CMP #&0D
     E880   F0 0F      BEQ &E891
     E882   20 75 F8   JSR &F875
     E885   C9 4F      CMP #&4F
     E887   F0 20      BEQ &E8A9
     E889   C9 53      CMP #&53
     E88B   F0 0B      BEQ &E898
     E88D   C9 48      CMP #&48
     E88F   F0 03      BEQ &E894
.wifi_badcmd
     E891   4C F1 E8   JMP &E8F1
.wifi_hr
     E894   A2 01      LDX #&01
     E896   D0 02      BNE &E89A
.wifi_sr
     E898   A2 00      LDX #&00
.wifi_reset
     E89A   C8         INY
     E89B   B9 00 01   LDA &0100,Y
     E89E   C9 52      CMP #&52
     E8A0   D0 EF      BNE &E891
     E8A2   8A         TXA
     E8A3   20 DE E3   JSR &E3DE
     E8A6   4C F6 E0   JMP &E0F6
.wifi_on_off
     E8A9   20 75 F8   JSR &F875
     E8AC   C9 4E      CMP #&4E
     E8AE   F0 26      BEQ &E8D6
     E8B0   C9 46      CMP #&46
     E8B2   D0 DD      BNE &E891
.wifi_off
     E8B4   20 D1 F7   JSR &F7D1
     E8B7   53 57 49 ...
     E8C9   0D
     E8CA   0A
     E8CB   EA
     E8CC   A2 00      LDX #&00
.wifi_off_l1
     E8CE   A9 18      LDA #&18
     E8D0   20 DE E3   JSR &E3DE
     E8D3   4C F6 E0   JMP &E0F6
.wifi_on
     E8D6   20 D1 F7   JSR &F7D1
     E8D9   53 57 49 ...
     E8EA   0D
     E8EB   0A
     E8EC   EA
     E8ED   A9 01      LDA #&01
     E8EF   D0 DD      BNE &E8CE
.wifi_help
     E8F1   20 D1 F7   JSR &F7D1
     E8F4   20 4F 4E ...
     E905   0D
     E906   0A
     E907   20 4F 46 ...
     E919   0D
     E91A   0A
     E91B   20 53 52 ...
     E92E   0D
     E92F   0A
     E930   20 48 52 ...
     E943   0D
     E944   0A
     E945   EA
     E946   4C F6 E0   JMP &E0F6
.join_cmd
     E949   20 76 F8   JSR &F876
     E94C   20 3C E1   JSR &E13C
     E94F   E0 00      CPX #&00
     E951   D0 26      BNE &E979
     E953   20 D1 F7   JSR &F7D1
     E956   55 53 41 ...
     E973   0D
     E974   0A
     E975   EA
     E976   4C F6 E0   JMP &E0F6
.join_init_heap
     E979   A2 00      LDX #&00
     E97B   20 7D E1   JSR &E17D
     E97E   AD 08 28   LDA &2808
     E981   C9 3F      CMP #&3F
     E983   F0 4D      BEQ &E9D2
     E985   86 84      STX &84
     E987   20 76 F8   JSR &F876
     E98A   20 3C E1   JSR &E13C
     E98D   E0 00      CPX #&00
     E98F   D0 2F      BNE &E9C0
     E991   20 D1 F7   JSR &F7D1
     E994   45 4E 54 ...
     E9A4   EA
.enter_password
     E9A5   20 E3 FF   JSR &FFE3
     E9A8   C9 7F      CMP #&7F
     E9AA   F0 1C      BEQ &E9C8
     E9AC   9D 80 28   STA &2880,X
     E9AF   48         PHA
     E9B0   A9 2A      LDA #&2A
     E9B2   20 F4 FF   JSR &FFF4
     E9B5   68         PLA
     E9B6   E8         INX
     E9B7   30 07      BMI &E9C0
     E9B9   C9 0D      CMP #&0D
     E9BB   D0 E8      BNE &E9A5
     E9BD   20 ED FF   JSR &FFED
.copy_password
     E9C0   A6 84      LDX &84
     E9C2   20 7D E1   JSR &E17D
     E9C5   4C D7 E9   JMP &E9D7
.delete
     E9C8   E0 00      CPX #&00
     E9CA   F0 D9      BEQ &E9A5
     E9CC   20 F4 FF   JSR &FFF4
     E9CF   CA         DEX
     E9D0   10 D3      BPL &E9A5
.query_network
     E9D2   A9 00      LDA #&00
     E9D4   8D 08 28   STA &2808
.join_network
     E9D7   A2 28      LDX #&28
     E9D9   A0 08      LDY #&08
     E9DB   A9 04      LDA #&04
     E9DD   4C 45 E7   JMP &E745
.leave_cmd
     E9E0   A9 05      LDA #&05
     E9E2   4C 45 E7   JMP &E745
.mode_cmd
     E9E5   20 76 F8   JSR &F876
     E9E8   20 3C E1   JSR &E13C
     E9EB   E0 00      CPX #&00
     E9ED   D0 57      BNE &EA46
     E9EF   20 D1 F7   JSR &F7D1
     E9F2   55 73 61 ...
     EA05   0D
     EA06   0A
     EA07   4D 4F 44 ...
     EA18   0D
     EA19   0A
     EA1A   4D 4F 44 ...
     EA30   0D
     EA31   0A
     EA32   4D 4F 44 ...
     EA40   0D
     EA41   0A
     EA42   EA
     EA43   4C F6 E0   JMP &E0F6
.mode_init_heap
     EA46   A2 00      LDX #&00
     EA48   20 7D E1   JSR &E17D
     EA4B   AD 08 28   LDA &2808
     EA4E   C9 3F      CMP #&3F
     EA50   D0 05      BNE &EA57
     EA52   A9 00      LDA #&00
     EA54   8D 08 28   STA &2808
.set_mode
     EA57   A2 28      LDX #&28
     EA59   A0 08      LDY #&08
     EA5B   A9 07      LDA #&07
     EA5D   4C 45 E7   JMP &E745
.wget_cmd
     EA60   A9 00      LDA #&00
     EA62   8D 7B 28   STA &287B
     EA65   8D 7C 28   STA &287C
     EA68   8D 7D 28   STA &287D
     EA6B   8D 77 28   STA &2877
     EA6E   8D 7E 28   STA &287E
     EA71   8D 7F 28   STA &287F
     EA74   A9 0D      LDA #&0D
     EA76   8D 78 28   STA &2878
.wget_l1
     EA79   20 76 F8   JSR &F876
     EA7C   20 3C E1   JSR &E13C
     EA7F   E0 00      CPX #&00
     EA81   D0 2C      BNE &EAAF
     EA83   20 D1 F7   JSR &F7D1
     EA86   55 53 41 ...
     EAA9   0D
     EAAA   0A
     EAAB   EA
     EAAC   4C F6 E0   JMP &E0F6
.wget_read_params
     EAAF   AD 80 28   LDA &2880
     EAB2   C9 2D      CMP #&2D
     EAB4   D0 36      BNE &EAEC
     EAB6   AD 81 28   LDA &2881
     EAB9   09 20      ORA #&20
     EABB   C9 74      CMP #&74
     EABD   F0 16      BEQ &EAD5
     EABF   C9 61      CMP #&61
     EAC1   F0 19      BEQ &EADC
     EAC3   C9 78      CMP #&78
     EAC5   F0 09      BEQ &EAD0
     EAC7   C9 70      CMP #&70
     EAC9   F0 19      BEQ &EAE4
     EACB   A2 49      LDX #&49
     EACD   4C CD E1   JMP &E1CD
.wget_option_x
     EAD0   A9 0A      LDA #&0A
     EAD2   8D 78 28   STA &2878
.wget_option_t
     EAD5   A9 01      LDA #&01
     EAD7   8D 7B 28   STA &287B
     EADA   D0 9D      BNE &EA79
.wget_option_a
     EADC   A9 01      LDA #&01
     EADE   8D 7C 28   STA &287C
     EAE1   4C 79 EA   JMP &EA79
.wget_option_p
     EAE4   A9 01      LDA #&01
     EAE6   8D 7D 28   STA &287D
     EAE9   4C 79 EA   JMP &EA79
.wget_read_uri
     EAEC   8C 79 28   STY &2879
     EAEF   AD 80 28   LDA &2880
     EAF2   09 20      ORA #&20
     EAF4   C9 68      CMP #&68
     EAF6   F0 05      BEQ &EAFD
.wget_protocol_error
     EAF8   A2 51      LDX #&51
     EAFA   4C CD E1   JMP &E1CD
.wget_read_uri_l1
     EAFD   A2 04      LDX #&04
.wget_read_uri_l1a
     EAFF   BD 80 28   LDA &2880,X
     EB02   C9 3A      CMP #&3A
     EB04   F0 10      BEQ &EB16
     EB06   09 20      ORA #&20
     EB08   C9 73      CMP #&73
     EB0A   F0 02      BEQ &EB0E
     EB0C   D0 EA      BNE &EAF8
.wget_read_uri_l2
     EB0E   A9 04      LDA #&04
     EB10   8D 77 28   STA &2877
     EB13   E8         INX
     EB14   D0 E9      BNE &EAFF
.wget_read_uri_l3
     EB16   E8         INX
     EB17   BD 80 28   LDA &2880,X
     EB1A   C9 2F      CMP #&2F
     EB1C   D0 DA      BNE &EAF8
     EB1E   E8         INX
     EB1F   BD 80 28   LDA &2880,X
     EB22   C9 2F      CMP #&2F
     EB24   D0 D2      BNE &EAF8
     EB26   A0 00      LDY #&00
     EB28   8E 7A 28   STX &287A
     EB2B   AE 77 28   LDX &2877
.wget_read_uri_l4
     EB2E   BD EA EC   LDA &ECEA,X
     EB31   99 08 28   STA &2808,Y
     EB34   E8         INX
     EB35   C8         INY
     EB36   C9 0D      CMP #&0D
     EB38   D0 F4      BNE &EB2E
     EB3A   A0 00      LDY #&00
     EB3C   AE 7A 28   LDX &287A
     EB3F   E8         INX
.wget_read_uri_l4a
     EB40   BD 80 28   LDA &2880,X
     EB43   C9 20      CMP #&20
     EB45   F0 13      BEQ &EB5A
     EB47   C9 3A      CMP #&3A
     EB49   F0 0F      BEQ &EB5A
     EB4B   C9 2F      CMP #&2F
     EB4D   F0 0B      BEQ &EB5A
     EB4F   C9 0D      CMP #&0D
     EB51   F0 07      BEQ &EB5A
     EB53   99 80 28   STA &2880,Y
     EB56   C8         INY
     EB57   E8         INX
     EB58   D0 E6      BNE &EB40
.wget_read_uri_l5
     EB5A   48         PHA
     EB5B   A9 0D      LDA #&0D
     EB5D   99 80 28   STA &2880,Y
     EB60   8E 7A 28   STX &287A
     EB63   A2 04      LDX #&04
     EB65   20 7D E1   JSR &E17D
     EB68   86 83      STX &83
     EB6A   AE 7A 28   LDX &287A
     EB6D   68         PLA
     EB6E   C9 3A      CMP #&3A
     EB70   D0 22      BNE &EB94
     EB72   A4 83      LDY &83
.wget_read_uri_l6
     EB74   E8         INX
     EB75   BD 80 28   LDA &2880,X
     EB78   C9 20      CMP #&20
     EB7A   F0 0E      BEQ &EB8A
     EB7C   C9 2F      CMP #&2F
     EB7E   F0 0A      BEQ &EB8A
     EB80   C9 0D      CMP #&0D
     EB82   F0 06      BEQ &EB8A
     EB84   99 08 28   STA &2808,Y
     EB87   C8         INY
     EB88   D0 EA      BNE &EB74
.wget_read_uri_l7
     EB8A   8E 7A 28   STX &287A
     EB8D   A9 0D      LDA #&0D
     EB8F   99 08 28   STA &2808,Y
     EB92   D0 11      BNE &EBA5
.wget_read_uri_l8
     EB94   AE 77 28   LDX &2877
     EB97   A4 83      LDY &83
.wget_read_uri_l9
     EB99   BD F2 EC   LDA &ECF2,X
     EB9C   99 08 28   STA &2808,Y
     EB9F   E8         INX
     EBA0   C8         INY
     EBA1   C9 0D      CMP #&0D
     EBA3   D0 F4      BNE &EB99
.wget_open_connection
     EBA5   AD 77 28   LDA &2877
     EBA8   F0 05      BEQ &EBAF
     EBAA   A9 1A      LDA #&1A
     EBAC   20 DE E3   JSR &E3DE
.wget_open_l1
     EBAF   A2 28      LDX #&28
     EBB1   A0 08      LDY #&08
     EBB3   A9 08      LDA #&08
     EBB5   20 DE E3   JSR &E3DE
     EBB8   AD 0B BC   LDA &BC0B
     EBBB   C9 4F      CMP #&4F
     EBBD   D0 07      BNE &EBC6
     EBBF   AD 0C BC   LDA &BC0C
     EBC2   C9 4B      CMP #&4B
     EBC4   F0 0B      BEQ &EBD1
.wget_open_err
     EBC6   20 2B E6   JSR &E62B
     EBC9   20 A1 E0   JSR &E0A1
     EBCC   A2 81      LDX #&81
     EBCE   4C CD E1   JMP &E1CD
.wget_build_get
     EBD1   A0 00      LDY #&00
     EBD3   A2 00      LDX #&00
.wget_get_l1
     EBD5   BD FA EC   LDA &ECFA,X
     EBD8   99 08 28   STA &2808,Y
     EBDB   E8         INX
     EBDC   C8         INY
     EBDD   E0 05      CPX #&05
     EBDF   D0 F4      BNE &EBD5
     EBE1   AE 7A 28   LDX &287A
     EBE4   BD 80 28   LDA &2880,X
     EBE7   C9 0D      CMP #&0D
     EBE9   F0 17      BEQ &EC02
     EBEB   E8         INX
.wget_get_l2
     EBEC   BD 80 28   LDA &2880,X
     EBEF   99 08 28   STA &2808,Y
     EBF2   E8         INX
     EBF3   C8         INY
     EBF4   C9 20      CMP #&20
     EBF6   F0 06      BEQ &EBFE
     EBF8   C9 0D      CMP #&0D
     EBFA   F0 02      BEQ &EBFE
     EBFC   D0 EE      BNE &EBEC
.wget_get_l3
     EBFE   88         DEY
     EBFF   8E 7A 28   STX &287A
.wget_get_l3a
     EC02   A2 00      LDX #&00
.wget_get_l4
     EC04   BD FF EC   LDA &ECFF,X
     EC07   99 08 28   STA &2808,Y
     EC0A   C8         INY
     EC0B   E8         INX
     EC0C   E0 11      CPX #&11
     EC0E   D0 F4      BNE &EC04
     EC10   A2 00      LDX #&00
.wget_get_l5
     EC12   BD 80 28   LDA &2880,X
     EC15   99 08 28   STA &2808,Y
     EC18   C8         INY
     EC19   E8         INX
     EC1A   C9 0D      CMP #&0D
     EC1C   D0 F4      BNE &EC12
     EC1E   88         DEY
     EC1F   A2 00      LDX #&00
.wget_get_l6
     EC21   BD 10 ED   LDA &ED10,X
     EC24   F0 07      BEQ &EC2D
     EC26   99 08 28   STA &2808,Y
     EC29   C8         INY
     EC2A   E8         INX
     EC2B   10 F4      BPL &EC21
.wget_load_address
     EC2D   84 83      STY &83
     EC2F   AE 7A 28   LDX &287A
     EC32   AC 79 28   LDY &2879
     EC35   20 76 F8   JSR &F876
     EC38   20 3C E1   JSR &E13C
     EC3B   E0 00      CPX #&00
     EC3D   F0 12      BEQ &EC51
     EC3F   A2 80      LDX #&80
     EC41   20 B0 E0   JSR &E0B0
     EC44   A5 80      LDA &80
     EC46   8D 7E 28   STA &287E
     EC49   A5 81      LDA &81
     EC4B   8D 7F 28   STA &287F
     EC4E   AD 7E 28   LDA &287E
.wget_send_l1
     EC51   A2 86      LDX #&86
     EC53   A9 08      LDA #&08
     EC55   95 00      STA &00,X
     EC57   A9 28      LDA #&28
     EC59   95 01      STA &01,X
     EC5B   A5 83      LDA &83
     EC5D   95 02      STA &02,X
     EC5F   A9 00      LDA #&00
     EC61   95 03      STA &03,X
     EC63   95 04      STA &04,X
     EC65   A9 0D      LDA #&0D
     EC67   20 DE E3   JSR &E3DE
     EC6A   86 8D      STX &8D
     EC6C   AD FF BD   LDA &BDFF
     EC6F   85 8E      STA &8E
.wget_copy_received_data
     EC71   20 2B E6   JSR &E62B
     EC74   20 35 ED   JSR &ED35
     EC77   B0 03      BCS &EC7C
     EC79   4C E2 EC   JMP &ECE2
.wget_crd_l0
     EC7C   20 7A ED   JSR &ED7A
     EC7F   20 86 EE   JSR &EE86
     EC82   20 6B ED   JSR &ED6B
     EC85   A5 87      LDA &87
     EC87   30 05      BMI &EC8E
     EC89   20 92 ED   JSR &ED92
     EC8C   D0 0E      BNE &EC9C
.wget_reread_ipd
     EC8E   20 35 ED   JSR &ED35
     EC91   B0 03      BCS &EC96
     EC93   4C E2 EC   JMP &ECE2
.wget_reread_ipd2
     EC96   20 7A ED   JSR &ED7A
     EC99   20 6B ED   JSR &ED6B
.wget_check_flags
     EC9C   AD 7C 28   LDA &287C
     EC9F   D0 0B      BNE &ECAC
     ECA1   AD 7D 28   LDA &287D
     ECA4   F0 09      BEQ &ECAF
     ECA6   20 F4 ED   JSR &EDF4
     ECA9   4C AF EC   JMP &ECAF
.wget_atm_header
     ECAC   20 D1 ED   JSR &EDD1
.wget_set_load_addr
     ECAF   AD 7E 28   LDA &287E
     ECB2   0D 7F 28   ORA &287F
     ECB5   D0 03      BNE &ECBA
     ECB7   20 79 EE   JSR &EE79
.wget_set_load_addr_l1
     ECBA   AD 7E 28   LDA &287E
     ECBD   85 89      STA &89
     ECBF   AD 7F 28   LDA &287F
     ECC2   85 8A      STA &8A
.wget_crd_loop
     ECC4   AD 7B 28   LDA &287B
     ECC7   D0 06      BNE &ECCF
     ECC9   20 17 EE   JSR &EE17
     ECCC   4C D2 EC   JMP &ECD2
.wget_dump_data
     ECCF   20 32 EE   JSR &EE32
.wget_crd_l1
     ECD2   20 6A EE   JSR &EE6A
     ECD5   90 0B      BCC &ECE2
     ECD7   20 35 ED   JSR &ED35
     ECDA   90 06      BCC &ECE2
     ECDC   20 7A ED   JSR &ED7A
     ECDF   4C C4 EC   JMP &ECC4
.wget_crd_end
.wget_close
     ECE2   A9 0E      LDA #&0E
     ECE4   20 DE E3   JSR &E3DE
     ECE7   4C F6 E0   JMP &E0F6
.protocols
     ECEA   54 43 50 
     ECED   0D
     ECEE   53 53 4C 
     ECF1   0D
.ports
     ECF2   38 30 
     ECF4   0D
     ECF5   0D
     ECF6   34 34 33 
     ECF9   0D
.getcmd
     ECFA   47 45 54 ...
.http11
     ECFF   20 48 54 ...
     ED08   0D
     ED09   0A
     ED0A   48 4F 53 ...
.user_agent
     ED10   0D
     ED11   0A
     ED12   55 73 65 ...
     ED2B   0D
     ED2C   0A
     ED2D   0D
     ED2E   0A
     ED2F   00
.ipd_needle
     ED30   2B 49 50 ...
.wget_search_ipd
     ED35   A0 04      LDY #&04
.sipd0
     ED37   B9 30 ED   LDA &ED30,Y
     ED3A   99 08 28   STA &2808,Y
     ED3D   88         DEY
     ED3E   10 F7      BPL &ED37
     ED40   A9 05      LDA #&05
.wget_search
     ED42   85 8B      STA &8B
     ED44   A0 00      LDY #&00
.sipd1
     ED46   20 6A EE   JSR &EE6A
     ED49   90 1B      BCC &ED66
     ED4B   20 38 E6   JSR &E638
     ED4E   48         PHA
     ED4F   20 54 EE   JSR &EE54
     ED52   68         PLA
     ED53   D9 08 28   CMP &2808,Y
     ED56   D0 07      BNE &ED5F
     ED58   C8         INY
     ED59   C4 8B      CPY &8B
     ED5B   D0 04      BNE &ED61
     ED5D   38         SEC
     ED5E   60         RTS
.sipd3
     ED5F   A0 00      LDY #&00
.sipd4
     ED61   20 6A EE   JSR &EE6A
     ED64   B0 E0      BCS &ED46
.sipd5
     ED66   60         RTS
.crlf
     ED67   0D
     ED68   0A
     ED69   0D
     ED6A   0A
.wget_search_crlf
     ED6B   A0 03      LDY #&03
.scrlf1
     ED6D   B9 67 ED   LDA &ED67,Y
     ED70   99 08 28   STA &2808,Y
     ED73   88         DEY
     ED74   10 F7      BPL &ED6D
     ED76   A9 04      LDA #&04
     ED78   D0 C8      BNE &ED42
.wget_read_ipd
     ED7A   A9 00      LDA #&00
     ED7C   85 86      STA &86
     ED7E   85 87      STA &87
     ED80   85 88      STA &88
.read_ipd_loop
     ED82   20 38 E6   JSR &E638
     ED85   C9 3A      CMP #&3A
     ED87   F0 09      BEQ &ED92
     ED89   38         SEC
     ED8A   E9 30      SBC #&30
     ED8C   20 97 ED   JSR &ED97
     ED8F   4C 82 ED   JMP &ED82
.read_ipd_end
     ED92   A5 87      LDA &87
     ED94   05 86      ORA &86
     ED96   60         RTS
.mul10
     ED97   48         PHA
     ED98   06 86      ASL &86
     ED9A   A5 86      LDA &86
     ED9C   26 87      ROL &87
     ED9E   26 88      ROL &88
     EDA0   A4 87      LDY &87
     EDA2   06 86      ASL &86
     EDA4   26 87      ROL &87
     EDA6   26 88      ROL &88
     EDA8   06 86      ASL &86
     EDAA   26 87      ROL &87
     EDAC   26 88      ROL &88
     EDAE   18         CLC
     EDAF   65 86      ADC &86
     EDB1   85 86      STA &86
     EDB3   98         TYA
     EDB4   65 87      ADC &87
     EDB6   85 87      STA &87
     EDB8   A5 88      LDA &88
     EDBA   69 00      ADC #&00
     EDBC   85 88      STA &88
     EDBE   18         CLC
     EDBF   68         PLA
     EDC0   65 86      ADC &86
     EDC2   85 86      STA &86
     EDC4   A5 87      LDA &87
     EDC6   69 00      ADC #&00
     EDC8   85 87      STA &87
     EDCA   A5 88      LDA &88
     EDCC   69 00      ADC #&00
     EDCE   85 88      STA &88
     EDD0   60         RTS
.wget_read_atm_header
     EDD1   A0 15      LDY #&15
.hdr1
     EDD3   20 54 EE   JSR &EE54
     EDD6   20 38 E6   JSR &E638
     EDD9   99 08 28   STA &2808,Y
     EDDC   88         DEY
     EDDD   10 F4      BPL &EDD3
     EDDF   AD 7E 28   LDA &287E
     EDE2   0D 7F 28   ORA &287F
     EDE5   D0 0C      BNE &EDF3
     EDE7   AD 0D 28   LDA &280D
     EDEA   8D 7E 28   STA &287E
     EDED   AD 0C 28   LDA &280C
     EDF0   8D 7F 28   STA &287F
.hdr2
     EDF3   60         RTS
.wget_read_apc_header
     EDF4   A0 0F      LDY #&0F
.hdr3
     EDF6   20 54 EE   JSR &EE54
     EDF9   20 38 E6   JSR &E638
     EDFC   99 08 28   STA &2808,Y
     EDFF   88         DEY
     EE00   10 F4      BPL &EDF6
     EE02   AD 7E 28   LDA &287E
     EE05   0D 7F 28   ORA &287F
     EE08   D0 0C      BNE &EE16
     EE0A   AD 17 28   LDA &2817
     EE0D   8D 7E 28   STA &287E
     EE10   AD 16 28   LDA &2816
     EE13   8D 7F 28   STA &287F
.hdr4
     EE16   60         RTS
.wget_read_http_data
     EE17   A0 00      LDY #&00
     EE19   20 6A EE   JSR &EE6A
     EE1C   90 13      BCC &EE31
     EE1E   20 38 E6   JSR &E638
     EE21   91 89      STA (&89),Y
     EE23   E6 89      INC &89
     EE25   D0 05      BNE &EE2C
     EE27   E6 8A      INC &8A
     EE29   4C 2C EE   JMP &EE2C
.rhd1
     EE2C   20 54 EE   JSR &EE54
     EE2F   D0 E6      BNE &EE17
.read_http_end
     EE31   60         RTS
.wget_dump_http_data
     EE32   20 6A EE   JSR &EE6A
     EE35   90 FA      BCC &EE31
     EE37   20 38 E6   JSR &E638
     EE3A   30 0C      BMI &EE48
     EE3C   CD 78 28   CMP &2878
     EE3F   F0 0D      BEQ &EE4E
     EE41   C9 20      CMP #&20
     EE43   30 03      BMI &EE48
     EE45   20 F4 FF   JSR &FFF4
.wget_dump_http_data_l1
     EE48   20 54 EE   JSR &EE54
     EE4B   D0 E5      BNE &EE32
     EE4D   60         RTS
.wget_dump_newline
     EE4E   20 ED FF   JSR &FFED
     EE51   4C 48 EE   JMP &EE48
.dec_blocksize
     EE54   38         SEC
     EE55   A5 86      LDA &86
     EE57   E9 01      SBC #&01
     EE59   85 86      STA &86
     EE5B   C9 FF      CMP #&FF
     EE5D   D0 06      BNE &EE65
     EE5F   A5 87      LDA &87
     EE61   E9 01      SBC #&01
     EE63   85 87      STA &87
.DBS1
     EE65   A5 86      LDA &86
     EE67   05 87      ORA &87
     EE69   60         RTS
.wget_test_end_of_data
     EE6A   E4 8D      CPX &8D
     EE6C   D0 09      BNE &EE77
     EE6E   A5 8E      LDA &8E
     EE70   CD FF BD   CMP &BDFF
     EE73   D0 02      BNE &EE77
     EE75   18         CLC
     EE76   60         RTS
.not_end_of_data
     EE77   38         SEC
     EE78   60         RTS
.wget_set_default_load
     EE79   48         PHA
     EE7A   A9 00      LDA #&00
     EE7C   8D 7E 28   STA &287E
     EE7F   A5 12      LDA &12
     EE81   8D 7F 28   STA &287F
     EE84   68         PLA
     EE85   60         RTS
.wget_http_status
     EE86   20 6A EE   JSR &EE6A
     EE89   90 3B      BCC &EEC6
     EE8B   20 54 EE   JSR &EE54
     EE8E   20 38 E6   JSR &E638
     EE91   C9 20      CMP #&20
     EE93   D0 F1      BNE &EE86
     EE95   8E 7A 28   STX &287A
     EE98   20 54 EE   JSR &EE54
     EE9B   20 38 E6   JSR &E638
     EE9E   8D 08 28   STA &2808
     EEA1   20 54 EE   JSR &EE54
     EEA4   20 38 E6   JSR &E638
     EEA7   8D 09 28   STA &2809
     EEAA   20 54 EE   JSR &EE54
     EEAD   20 38 E6   JSR &E638
     EEB0   8D 0A 28   STA &280A
     EEB3   AD 08 28   LDA &2808
     EEB6   C9 32      CMP #&32
     EEB8   D0 0D      BNE &EEC7
     EEBA   A9 30      LDA #&30
     EEBC   CD 09 28   CMP &2809
     EEBF   D0 06      BNE &EEC7
     EEC1   CD 0A 28   CMP &280A
     EEC4   D0 01      BNE &EEC7
.wget_http_status_end
     EEC6   60         RTS
.wget_http_status_err
     EEC7   AE 7A 28   LDX &287A
     EECA   20 A1 E0   JSR &E0A1
     EECD   A9 0E      LDA #&0E
     EECF   20 DE E3   JSR &E3DE
     EED2   A2 5B      LDX #&5B
     EED4   4C CD E1   JMP &E1CD
.ping_cmd
     EED7   20 76 F8   JSR &F876
     EEDA   20 3C E1   JSR &E13C
     EEDD   E0 00      CPX #&00
     EEDF   D0 26      BNE &EF07
     EEE1   20 D1 F7   JSR &F7D1
     EEE4   55 53 41 ...
     EF01   0D
     EF02   0A
     EF03   EA
     EF04   4C F6 E0   JMP &E0F6
.ping_start
     EF07   A2 05      LDX #&05
     EF09   86 8B      STX &8B
     EF0B   A2 20      LDX #&20
     EF0D   8E 04 28   STX &2804
.ping_loop
     EF10   A2 28      LDX #&28
     EF12   A0 80      LDY #&80
     EF14   A9 1C      LDA #&1C
     EF16   20 DE E3   JSR &E3DE
     EF19   20 C2 E3   JSR &E3C2
     EF1C   20 2B E6   JSR &E62B
     EF1F   AD 00 BC   LDA &BC00
     EF22   C9 2B      CMP #&2B
     EF24   D0 4E      BNE &EF74
     EF26   AD 01 BC   LDA &BC01
     EF29   C9 74      CMP #&74
     EF2B   F0 6B      BEQ &EF98
     EF2D   20 D1 F7   JSR &F7D1
     EF30   52 45 43 ...
     EF45   EA
     EF46   A0 01      LDY #&01
.ping_print_ms
     EF48   B9 00 BC   LDA &BC00,Y
     EF4B   C9 0D      CMP #&0D
     EF4D   F0 0A      BEQ &EF59
     EF4F   85 83      STA &83
     EF51   20 F4 FF   JSR &FFF4
     EF54   A5 83      LDA &83
     EF56   C8         INY
     EF57   10 EF      BPL &EF48
.ping_ms
     EF59   20 D1 F7   JSR &F7D1
     EF5C   20 4D 53 
     EF5F   0D
     EF60   0A
     EF61   EA
.ping_wait
     EF62   A2 32      LDX #&32
     EF64   86 80      STX &80
.ping_wait_loop
     EF66   20 66 FE   JSR &FE66
     EF69   C6 80      DEC &80
     EF6B   D0 F9      BNE &EF66
     EF6D   C6 8B      DEC &8B
     EF6F   D0 9F      BNE &EF10
     EF71   4C F6 E0   JMP &E0F6
.ping_error
     EF74   20 D1 F7   JSR &F7D1
     EF77   48 4F 53 ...
     EF92   0D
     EF93   0A
     EF94   EA
     EF95   4C 62 EF   JMP &EF62
.ping_time_out
     EF98   20 D1 F7   JSR &F7D1
     EF9B   4E 4F 20 ...
     EFB0   0D
     EFB1   0A
     EFB2   EA
     EFB3   4C 62 EF   JMP &EF62
.versionstring
     EFF0   41 54 4F ...
     EFFF   E0
.romend
Saving file 'atomwifi.rom'
Saving file 'ATOMWIFI.ATM'
